<?xml version="1.0" encoding="UTF-8"?>
<!-- Generated by org.testng.reporters.JUnitXMLReporter -->
<testsuite hostname="A2ML17103" name="GenerateNumberTest" tests="1" failures="1" timestamp="24 May 2019 06:07:00 GMT" time="8.112" errors="0">
  <testcase name="tc001_generatenumber" time="0.037" classname="com.random.tests.GenerateNumberTest">
    <failure type="java.lang.NoSuchMethodError" message="org.openqa.selenium.support.ui.FluentWait.until(Lcom/google/common/base/Function;)Ljava/lang/Object;">
      <![CDATA[java.lang.NoSuchMethodError: org.openqa.selenium.support.ui.FluentWait.until(Lcom/google/common/base/Function;)Ljava/lang/Object;
	at io.appium.java_client.pagefactory.AppiumElementLocator.waitFor(AppiumElementLocator.java:88)
	at io.appium.java_client.pagefactory.AppiumElementLocator.findElement(AppiumElementLocator.java:103)
	at io.appium.java_client.pagefactory.interceptors.InterceptorOfASingleElement.intercept(InterceptorOfASingleElement.java:57)
	at io.appium.java_client.android.AndroidElement$$EnhancerByCGLIB$$c0b591f0.isDisplayed(<generated>)
	at com.random.pages.GenerateNumberPage.generateRandomNumber(GenerateNumberPage.java:45)
	at com.random.tests.GenerateNumberTest.tc001_generatenumber(GenerateNumberTest.java:30)
... Removed 27 stack frames]]>
    </failure>
  </testcase> <!-- tc001_generatenumber -->
</testsuite> <!-- GenerateNumberTest -->
