<?xml version="1.0" encoding="UTF-8"?>
<testng-results skipped="0" failed="1" total="1" passed="0">
  <reporter-output>
    <line>
      <![CDATA[Click to see screenshots]]>
    </line>
    <line>
      <![CDATA[<br>]]>
    </line>
    <line>
      <![CDATA[<br>]]>
    </line>
    <line>
      <![CDATA[<a target="_blank" href=82229>Screenshot</a>]]>
    </line>
    <line>
      <![CDATA[<br>]]>
    </line>
    <line>
      <![CDATA[<a target="_blank" href=82229><img src=82229 height=200 width=200> </img></a>]]>
    </line>
  </reporter-output>
  <suite name="SanityTest" duration-ms="8112" started-at="2019-05-24T06:06:51Z" finished-at="2019-05-24T06:07:00Z">
    <groups>
    </groups>
    <test name="GenerateNumberTest" duration-ms="8112" started-at="2019-05-24T06:06:51Z" finished-at="2019-05-24T06:07:00Z">
      <class name="com.random.tests.GenerateNumberTest">
        <test-method status="PASS" signature="setUpAppium()[pri:0, instance:com.random.tests.GenerateNumberTest@ed9d034]" name="setUpAppium" is-config="true" duration-ms="14209" started-at="2019-05-24T11:36:37Z" finished-at="2019-05-24T11:36:51Z">
          <reporter-output>
          </reporter-output>
        </test-method> <!-- setUpAppium -->
        <test-method status="PASS" signature="setUpPage()[pri:0, instance:com.random.tests.GenerateNumberTest@ed9d034]" name="setUpPage" is-config="true" duration-ms="237" started-at="2019-05-24T11:36:51Z" finished-at="2019-05-24T11:36:52Z">
          <reporter-output>
          </reporter-output>
        </test-method> <!-- setUpPage -->
        <test-method status="FAIL" signature="tc001_generatenumber(java.lang.String, java.lang.String, org.json.simple.JSONObject)[pri:0, instance:com.random.tests.GenerateNumberTest@ed9d034]" name="tc001_generatenumber" duration-ms="37" started-at="2019-05-24T11:36:52Z" data-provider="fetchData_JSON" finished-at="2019-05-24T11:36:52Z">
          <params>
            <param index="0">
              <value>
                <![CDATA[GenerateNumberTest.01]]>
              </value>
            </param>
            <param index="1">
              <value>
                <![CDATA[Generate Number Test]]>
              </value>
            </param>
            <param index="2">
              <value>
                <![CDATA[{"description":"Generate Number Test","rowID":"GenerateNumberTest.01"}]]>
              </value>
            </param>
          </params>
          <exception class="java.lang.NoSuchMethodError">
            <message>
              <![CDATA[org.openqa.selenium.support.ui.FluentWait.until(Lcom/google/common/base/Function;)Ljava/lang/Object;]]>
            </message>
            <full-stacktrace>
              <![CDATA[java.lang.NoSuchMethodError: org.openqa.selenium.support.ui.FluentWait.until(Lcom/google/common/base/Function;)Ljava/lang/Object;
	at io.appium.java_client.pagefactory.AppiumElementLocator.waitFor(AppiumElementLocator.java:88)
	at io.appium.java_client.pagefactory.AppiumElementLocator.findElement(AppiumElementLocator.java:103)
	at io.appium.java_client.pagefactory.interceptors.InterceptorOfASingleElement.intercept(InterceptorOfASingleElement.java:57)
	at io.appium.java_client.android.AndroidElement$$EnhancerByCGLIB$$c0b591f0.isDisplayed(<generated>)
	at com.random.pages.GenerateNumberPage.generateRandomNumber(GenerateNumberPage.java:45)
	at com.random.tests.GenerateNumberTest.tc001_generatenumber(GenerateNumberTest.java:30)
	at sun.reflect.NativeMethodAccessorImpl.invoke0(Native Method)
	at sun.reflect.NativeMethodAccessorImpl.invoke(NativeMethodAccessorImpl.java:62)
	at sun.reflect.DelegatingMethodAccessorImpl.invoke(DelegatingMethodAccessorImpl.java:43)
	at java.lang.reflect.Method.invoke(Method.java:498)
	at org.testng.internal.MethodInvocationHelper.invokeMethod(MethodInvocationHelper.java:84)
	at org.testng.internal.Invoker.invokeMethod(Invoker.java:714)
	at org.testng.internal.Invoker.invokeTestMethod(Invoker.java:901)
	at org.testng.internal.Invoker.invokeTestMethods(Invoker.java:1231)
	at org.testng.internal.TestMethodWorker.invokeTestMethods(TestMethodWorker.java:127)
	at org.testng.internal.TestMethodWorker.run(TestMethodWorker.java:111)
	at org.testng.TestRunner.privateRun(TestRunner.java:767)
	at org.testng.TestRunner.run(TestRunner.java:617)
	at org.testng.SuiteRunner.runTest(SuiteRunner.java:348)
	at org.testng.SuiteRunner.runSequentially(SuiteRunner.java:343)
	at org.testng.SuiteRunner.privateRun(SuiteRunner.java:305)
	at org.testng.SuiteRunner.run(SuiteRunner.java:254)
	at org.testng.SuiteRunnerWorker.runSuite(SuiteRunnerWorker.java:52)
	at org.testng.SuiteRunnerWorker.run(SuiteRunnerWorker.java:86)
	at org.testng.TestNG.runSuitesSequentially(TestNG.java:1224)
	at org.testng.TestNG.runSuitesLocally(TestNG.java:1149)
	at org.testng.TestNG.run(TestNG.java:1057)
	at org.apache.maven.surefire.testng.TestNGExecutor.run(TestNGExecutor.java:295)
	at org.apache.maven.surefire.testng.TestNGXmlTestSuite.execute(TestNGXmlTestSuite.java:84)
	at org.apache.maven.surefire.testng.TestNGProvider.invoke(TestNGProvider.java:90)
	at org.apache.maven.surefire.booter.ForkedBooter.invokeProviderInSameClassLoader(ForkedBooter.java:203)
	at org.apache.maven.surefire.booter.ForkedBooter.runSuitesInProcess(ForkedBooter.java:155)
	at org.apache.maven.surefire.booter.ForkedBooter.main(ForkedBooter.java:103)
]]>
            </full-stacktrace>
          </exception> <!-- java.lang.NoSuchMethodError -->
          <reporter-output>
            <line>
              <![CDATA[Click to see screenshots]]>
            </line>
            <line>
              <![CDATA[<br>]]>
            </line>
            <line>
              <![CDATA[<br>]]>
            </line>
            <line>
              <![CDATA[<a target="_blank" href=82229>Screenshot</a>]]>
            </line>
            <line>
              <![CDATA[<br>]]>
            </line>
            <line>
              <![CDATA[<a target="_blank" href=82229><img src=82229 height=200 width=200> </img></a>]]>
            </line>
          </reporter-output>
        </test-method> <!-- tc001_generatenumber -->
        <test-method status="PASS" signature="restartApp()[pri:0, instance:com.random.tests.GenerateNumberTest@ed9d034]" name="restartApp" is-config="true" duration-ms="4917" started-at="2019-05-24T11:36:55Z" finished-at="2019-05-24T11:37:00Z">
          <reporter-output>
          </reporter-output>
        </test-method> <!-- restartApp -->
        <test-method status="PASS" signature="tearDownAppium()[pri:0, instance:com.random.tests.GenerateNumberTest@ed9d034]" name="tearDownAppium" is-config="true" duration-ms="3155" started-at="2019-05-24T11:37:00Z" finished-at="2019-05-24T11:37:03Z">
          <reporter-output>
          </reporter-output>
        </test-method> <!-- tearDownAppium -->
      </class> <!-- com.random.tests.GenerateNumberTest -->
    </test> <!-- GenerateNumberTest -->
  </suite> <!-- SanityTest -->
</testng-results>
